<?xml version="1.0" encoding="UTF-8"?>
<testsuite name="PlayerTest" tests="2" skipped="0" failures="0" errors="0" timestamp="2016-10-20T16:47:31" hostname="Notandi-PC" time="0.002">
  <properties/>
  <testcase name="testMove" classname="PlayerTest" time="0.001"/>
  <testcase name="testPlayer" classname="PlayerTest" time="0.0"/>
  <system-out><![CDATA[]]></system-out>
  <system-err><![CDATA[]]></system-err>
</testsuite>
