<?xml version="1.0" encoding="UTF-8"?>
<testsuite name="PlayerTest" tests="3" skipped="0" failures="0" errors="0" timestamp="2016-10-20T17:08:03" hostname="Notandi-PC" time="0.003">
  <properties/>
  <testcase name="testMove" classname="PlayerTest" time="0.002"/>
  <testcase name="testName" classname="PlayerTest" time="0.0"/>
  <testcase name="testPlayer" classname="PlayerTest" time="0.0"/>
  <system-out><![CDATA[]]></system-out>
  <system-err><![CDATA[]]></system-err>
</testsuite>
