<?xml version="1.0" encoding="UTF-8"?>
<testsuite name="LibraryTest" tests="1" skipped="0" failures="0" errors="0" timestamp="2016-10-20T16:04:35" hostname="Notandi-PC" time="0.008">
  <properties/>
  <testcase name="testSomeLibraryMethod" classname="LibraryTest" time="0.008"/>
  <system-out><![CDATA[]]></system-out>
  <system-err><![CDATA[]]></system-err>
</testsuite>
